<?xml version="1.0" encoding="utf-8"?><testsuites name="pytest tests"><testsuite name="pytest" errors="0" failures="0" skipped="0" tests="10" time="3.656" timestamp="2026-04-19T23:40:11.586990+00:00" hostname="agent-env-c83eebb9-53b3-4afa-a39e-e1e2f04b114b"><testcase classname="tests.test_api.TestHealthCheck" name="test_root_endpoint" time="0.191" /><testcase classname="tests.test_api.TestDevicesCRUD" name="test_get_devices_initially_empty" time="0.143" /><testcase classname="tests.test_api.TestDevicesCRUD" name="test_create_device_and_verify" time="0.408" /><testcase classname="tests.test_api.TestDevicesCRUD" name="test_create_device_with_duplicate_mac_updates" time="0.459" /><testcase classname="tests.test_api.TestDevicesCRUD" name="test_delete_device_and_verify" time="0.379" /><testcase classname="tests.test_api.TestDevicesCRUD" name="test_delete_nonexistent_device_returns_404" time="0.104" /><testcase classname="tests.test_api.TestDevicesCRUD" name="test_update_device_role_and_verify" time="0.529" /><testcase classname="tests.test_api.TestDevicesCRUD" name="test_update_nonexistent_device_returns_404" time="0.108" /><testcase classname="tests.test_api.TestRoleAssignment" name="test_assigning_role_unassigns_from_previous_device" time="0.541" /><testcase classname="tests.test_api.TestRoleAssignment" name="test_update_role_unassigns_from_previous_device" time="0.719" /></testsuite></testsuites>